1692785439255	geckodriver	INFO	Listening on 127.0.0.1:58889
1692785442340	mozrunner::runner	INFO	Running command: "C:\\Program Files\\Mozilla Firefox\\firefox.exe" "--marionette" "--remote-debugging-port" "58890" "--remote-allow-hosts" "localhost" "-no-remote" "-profile" "C:\\Users\\codoid\\AppData\\Local\\Temp\\rust_mozprofileVlHLCT"
console.warn: services.settings: Ignoring preference override of remote settings server
console.warn: services.settings: Allow by setting MOZ_REMOTE_SETTINGS_DEVTOOLS=1 in the environment
1692785442739	Marionette	INFO	Marionette enabled
Dynamically enable window occlusion 0
1692785442891	Marionette	INFO	Listening on port 58901
WebDriver BiDi listening on ws://127.0.0.1:58890
Read port: 58901
1692785443317	RemoteAgent	WARN	TLS certificate errors will be ignored for this session
DevTools listening on ws://127.0.0.1:58890/devtools/browser/d934b782-c86a-41af-9216-de313d064716
1692785699401	geckodriver	INFO	Listening on 127.0.0.1:58985
1692785702460	mozrunner::runner	INFO	Running command: "C:\\Program Files\\Mozilla Firefox\\firefox.exe" "--marionette" "--remote-debugging-port" "58986" "--remote-allow-hosts" "localhost" "-no-remote" "-profile" "C:\\Users\\codoid\\AppData\\Local\\Temp\\rust_mozprofilef0Kfcx"
console.warn: services.settings: Ignoring preference override of remote settings server
console.warn: services.settings: Allow by setting MOZ_REMOTE_SETTINGS_DEVTOOLS=1 in the environment
1692785702758	Marionette	INFO	Marionette enabled
Dynamically enable window occlusion 0
1692785702879	Marionette	INFO	Listening on port 58994
WebDriver BiDi listening on ws://127.0.0.1:58986
Read port: 58994
1692785703040	RemoteAgent	WARN	TLS certificate errors will be ignored for this session
DevTools listening on ws://127.0.0.1:58986/devtools/browser/655df52b-814e-4f83-82b7-bb909fd50c26
1692785717440	Marionette	INFO	Stopped listening on port 58994
Dynamically enable window occlusion 1
[Parent 37656, IPC I/O Parent] WARNING: DuplicateHandle failed for handle 0 in TransferHandles: file /builds/worker/checkouts/gecko/ipc/chromium/src/chrome/common/ipc_channel_win.cc:621
[GPU 25396, IPC I/O Child] WARNING: pipe error: 232: file /builds/worker/checkouts/gecko/ipc/chromium/src/chrome/common/ipc_channel_win.cc:443
[Parent 37656, IPC I/O Parent] WARNING: DuplicateHandle failed for handle 0 in TransferHandles: file /builds/worker/checkouts/gecko/ipc/chromium/src/chrome/common/ipc_channel_win.cc:621
[GPU 25396, IPC I/O Child] WARNING: pipe error: 232: file /builds/worker/checkouts/gecko/ipc/chromium/src/chrome/common/ipc_channel_win.cc:443
console.error: (new Error("IndexedDB: main/url-classifier-skip-urls list() IndexedDB:  execute() The application is shutting down", "resource://services-settings/IDBHelpers.sys.mjs", 16))
[Parent 37656, IPC I/O Parent] WARNING: DuplicateHandle failed for handle 0 in TransferHandles: file /builds/worker/checkouts/gecko/ipc/chromium/src/chrome/common/ipc_channel_win.cc:621
[GPU 25396, IPC I/O Child] WARNING: pipe error: 232: file /builds/worker/checkouts/gecko/ipc/chromium/src/chrome/common/ipc_channel_win.cc:443
[Parent 37656, IPC I/O Parent] WARNING: DuplicateHandle failed for handle 0 in TransferHandles: file /builds/worker/checkouts/gecko/ipc/chromium/src/chrome/common/ipc_channel_win.cc:621
[GPU 25396, IPC I/O Child] WARNING: pipe error: 232: file /builds/worker/checkouts/gecko/ipc/chromium/src/chrome/common/ipc_channel_win.cc:443
1692785751973	geckodriver	INFO	Listening on 127.0.0.1:59135
1692785755057	mozrunner::runner	INFO	Running command: "C:\\Program Files\\Mozilla Firefox\\firefox.exe" "--marionette" "--remote-debugging-port" "59136" "--remote-allow-hosts" "localhost" "-no-remote" "-profile" "C:\\Users\\codoid\\AppData\\Local\\Temp\\rust_mozprofileF2ulUB"
console.warn: services.settings: Ignoring preference override of remote settings server
console.warn: services.settings: Allow by setting MOZ_REMOTE_SETTINGS_DEVTOOLS=1 in the environment
1692785755362	Marionette	INFO	Marionette enabled
Dynamically enable window occlusion 0
1692785755485	Marionette	INFO	Listening on port 59144
WebDriver BiDi listening on ws://127.0.0.1:59136
Read port: 59144
1692785755687	RemoteAgent	WARN	TLS certificate errors will be ignored for this session
DevTools listening on ws://127.0.0.1:59136/devtools/browser/06666379-7b5a-4d8d-b15f-e7dafc02ae27
JavaScript warning: https://www.amazon.in/, line 1864: WEBGL_debug_renderer_info is deprecated in Firefox and will be removed. Please use RENDERER.
JavaScript warning: https://www.amazon.in/ line 7 > injectedScript, line 1: WEBGL_debug_renderer_info is deprecated in Firefox and will be removed. Please use RENDERER.
[Parent 41172, IPC I/O Parent] WARNING: DuplicateHandle failed for handle 0 in TransferHandles: file /builds/worker/checkouts/gecko/ipc/chromium/src/chrome/common/ipc_channel_win.cc:621
[GPU 43476, IPC I/O Child] WARNING: pipe error: 232: file /builds/worker/checkouts/gecko/ipc/chromium/src/chrome/common/ipc_channel_win.cc:443
[Parent 41172, IPC I/O Parent] WARNING: DuplicateHandle failed for handle 0 in TransferHandles: file /builds/worker/checkouts/gecko/ipc/chromium/src/chrome/common/ipc_channel_win.cc:621
[GPU 43476, IPC I/O Child] WARNING: pipe error: 232: file /builds/worker/checkouts/gecko/ipc/chromium/src/chrome/common/ipc_channel_win.cc:443
[Parent 41172, IPC I/O Parent] WARNING: DuplicateHandle failed for handle 0 in TransferHandles: file /builds/worker/checkouts/gecko/ipc/chromium/src/chrome/common/ipc_channel_win.cc:621
[GPU 43476, IPC I/O Child] WARNING: pipe error: 232: file /builds/worker/checkouts/gecko/ipc/chromium/src/chrome/common/ipc_channel_win.cc:443
JavaScript warning: https://www.amazon.in/ap/signin?openid.pape.max_auth_age=0&openid.return_to=https%3A%2F%2Fwww.amazon.in%2F%3Fref_%3Dnav_ya_signin&openid.identity=http%3A%2F%2Fspecs.openid.net%2Fauth%2F2.0%2Fidentifier_select&openid.assoc_handle=inflex&openid.mode=checkid_setup&openid.claimed_id=http%3A%2F%2Fspecs.openid.net%2Fauth%2F2.0%2Fidentifier_select&openid.ns=http%3A%2F%2Fspecs.openid.net%2Fauth%2F2.0 line 7 > injectedScript, line 1: WEBGL_debug_renderer_info is deprecated in Firefox and will be removed. Please use RENDERER.
console.warn: LoginRecipes: "Falling back to a synchronous message for: https://www.amazon.in."
console.warn: LoginRecipes: "Falling back to a synchronous message for: https://www.amazon.in."
JavaScript warning: https://www.amazon.in/ap/signin line 7 > injectedScript, line 1: WEBGL_debug_renderer_info is deprecated in Firefox and will be removed. Please use RENDERER.
console.warn: LoginRecipes: "Falling back to a synchronous message for: https://www.amazon.in."
console.warn: LoginRecipes: "Falling back to a synchronous message for: https://www.amazon.in."
JavaScript warning: https://www.amazon.in/?ref_=nav_ya_signin, line 1928: WEBGL_debug_renderer_info is deprecated in Firefox and will be removed. Please use RENDERER.
JavaScript warning: https://www.amazon.in/?ref_=nav_ya_signin line 7 > injectedScript, line 1: WEBGL_debug_renderer_info is deprecated in Firefox and will be removed. Please use RENDERER.
JavaScript error: , line 0: uncaught exception: 
JavaScript error: , line 0: uncaught exception: 
JavaScript error: , line 0: uncaught exception: 
JavaScript error: , line 0: uncaught exception: 
JavaScript error: , line 0: uncaught exception: 
JavaScript error: , line 0: uncaught exception: 
JavaScript error: , line 0: uncaught exception: 
JavaScript warning: https://www.amazon.in/s?k=Laptop&ref=nb_sb_noss, line 16210: WEBGL_debug_renderer_info is deprecated in Firefox and will be removed. Please use RENDERER.
1692785773090	Marionette	INFO	Stopped listening on port 59144
JavaScript warning: https://c.amazon-adsystem.com/bao-csm/forensics/a9-tq-forensics.min.js, line 1: Script terminated by timeout at:
c/a<@https://c.amazon-adsystem.com/bao-csm/forensics/a9-tq-forensics.min.js:1:354
c/a<@https://c.amazon-adsystem.com/bao-csm/forensics/a9-tq-forensics.min.js:1:335
c@https://c.amazon-adsystem.com/bao-csm/forensics/a9-tq-forensics.min.js:2:336
n@https://c.amazon-adsystem.com/bao-csm/forensics/a9-tq-forensics.min.js:3:68
@https://c.amazon-adsystem.com/bao-csm/forensics/a9-tq-forensics.min.js:34:236
@https://c.amazon-adsystem.com/bao-csm/forensics/a9-tq-forensics.min.js:38:57
@https://c.amazon-adsystem.com/bao-csm/forensics/a9-tq-forensics.min.js:38:62

Dynamically enable window occlusion 1
[Parent 41172, IPC I/O Parent] WARNING: DuplicateHandle failed for handle 0 in TransferHandles: file /builds/worker/checkouts/gecko/ipc/chromium/src/chrome/common/ipc_channel_win.cc:621
[GPU 43476, IPC I/O Child] WARNING: pipe error: 232: file /builds/worker/checkouts/gecko/ipc/chromium/src/chrome/common/ipc_channel_win.cc:443
[Parent 41172, IPC I/O Parent] WARNING: DuplicateHandle failed for handle 0 in TransferHandles: file /builds/worker/checkouts/gecko/ipc/chromium/src/chrome/common/ipc_channel_win.cc:621
[GPU 43476, IPC I/O Child] WARNING: pipe error: 232: file /builds/worker/checkouts/gecko/ipc/chromium/src/chrome/common/ipc_channel_win.cc:443
[Parent 41172, IPC I/O Parent] WARNING: DuplicateHandle failed for handle 0 in TransferHandles: file /builds/worker/checkouts/gecko/ipc/chromium/src/chrome/common/ipc_channel_win.cc:621
[GPU 43476, IPC I/O Child] WARNING: pipe error: 232: file /builds/worker/checkouts/gecko/ipc/chromium/src/chrome/common/ipc_channel_win.cc:443
[Parent 41172, IPC I/O Parent] WARNING: DuplicateHandle failed for handle 0 in TransferHandles: file /builds/worker/checkouts/gecko/ipc/chromium/src/chrome/common/ipc_channel_win.cc:621
[GPU 43476, IPC I/O Child] WARNING: pipe error: 232: file /builds/worker/checkouts/gecko/ipc/chromium/src/chrome/common/ipc_channel_win.cc:443
